{"C:\\desarrolloWeb\\laboratoria\\Proyectos\\DEV004-burger-queen-api-client\\src\\components\\admin\\NavAdmin.jsx": {"path":"C:\\desarrolloWeb\\laboratoria\\Proyectos\\DEV004-burger-queen-api-client\\src\\components\\admin\\NavAdmin.jsx","statementMap":{"0":{"start":{"line":3,"column":24},"end":{"line":29,"column":1}},"1":{"start":{"line":4,"column":2},"end":{"line":28,"column":3}}},"fnMap":{"0":{"name":"(anonymous_0)","decl":{"start":{"line":3,"column":24},"end":{"line":3,"column":25}},"loc":{"start":{"line":3,"column":30},"end":{"line":29,"column":1}},"line":3}},"branchMap":{},"s":{"0":1,"1":2},"f":{"0":2},"b":{},"_coverageSchema":"1a1c01bbd47fc00a2c39e90264f33305004495a9","hash":"ff6767964069edb6787312cc61cb5872c4ea42fe"}
}
